app/build/intermediates/manifest_merge_blame_file/debug/manifest-merger-blame-debug-report.txt
1<?xml version="1.0" encoding="utf-8"?>
2<manifest xmlns:android="http://schemas.android.com/apk/res/android"
3    package="com.jsc.smartpanelremote"
4    android:versionCode="1"
5    android:versionName="1.0" >
6
7    <uses-sdk
8        android:minSdkVersion="23"
8-->src\main\AndroidManifest.xml
9        android:targetSdkVersion="29" />
9-->src\main\AndroidManifest.xml
10
11    <uses-permission android:name="android.permission.INTERNET" />
11-->src\main\AndroidManifest.xml:6:5-67
11-->src\main\AndroidManifest.xml:6:22-64
12    <uses-permission android:name="android.permission.READ_EXTERNAL_STORAGE" />
12-->src\main\AndroidManifest.xml:7:5-80
12-->src\main\AndroidManifest.xml:7:22-77
13    <uses-permission android:name="android.permission.ACCESS_NETWORK_STATE" />
13-->src\main\AndroidManifest.xml:8:5-79
13-->src\main\AndroidManifest.xml:8:22-76
14
15    <application
15-->src\main\AndroidManifest.xml:10:5-39:19
16        android:allowBackup="true"
16-->src\main\AndroidManifest.xml:11:9-35
17        android:appComponentFactory="androidx.core.app.CoreComponentFactory"
17-->[androidx.core:core:1.1.0] AndroidManifest.xml:24:18-86
18        android:debuggable="true"
19        android:extractNativeLibs="false"
20        android:fullBackupContent="true"
20-->src\main\AndroidManifest.xml:12:9-41
21        android:hardwareAccelerated="true"
21-->src\main\AndroidManifest.xml:13:9-43
22        android:icon="@mipmap/ic_launcher"
22-->src\main\AndroidManifest.xml:14:9-43
23        android:label="@string/app_name"
23-->src\main\AndroidManifest.xml:15:9-41
24        android:networkSecurityConfig="@xml/network_security_config"
24-->src\main\AndroidManifest.xml:20:9-69
25        android:roundIcon="@mipmap/ic_launcher_round"
25-->src\main\AndroidManifest.xml:16:9-54
26        android:screenOrientation="portrait"
26-->src\main\AndroidManifest.xml:17:9-45
27        android:supportsRtl="true"
27-->src\main\AndroidManifest.xml:18:9-35
28        android:testOnly="true"
29        android:theme="@style/AppTheme"
29-->src\main\AndroidManifest.xml:19:9-40
30        android:usesCleartextTraffic="true" >
30-->src\main\AndroidManifest.xml:21:9-44
31        <activity
31-->src\main\AndroidManifest.xml:23:9-33:20
32            android:name="com.jsc.smartpanelremote.SplashActivity"
32-->src\main\AndroidManifest.xml:24:13-43
33            android:configChanges="orientation|keyboardHidden|screenSize"
33-->src\main\AndroidManifest.xml:25:13-74
34            android:label="@string/title_activity_splash"
34-->src\main\AndroidManifest.xml:26:13-58
35            android:theme="@style/FullscreenTheme" >
35-->src\main\AndroidManifest.xml:27:13-51
36            <intent-filter>
36-->src\main\AndroidManifest.xml:28:13-32:29
37                <action android:name="android.intent.action.MAIN" />
37-->src\main\AndroidManifest.xml:29:17-69
37-->src\main\AndroidManifest.xml:29:25-66
38
39                <category android:name="android.intent.category.LAUNCHER" />
39-->src\main\AndroidManifest.xml:31:17-77
39-->src\main\AndroidManifest.xml:31:27-74
40            </intent-filter>
41        </activity>
42        <activity
42-->src\main\AndroidManifest.xml:34:9-38:54
43            android:name="com.jsc.smartpanelremote.MainActivity"
43-->src\main\AndroidManifest.xml:35:13-41
44            android:configChanges="orientation|keyboardHidden|screenSize"
44-->src\main\AndroidManifest.xml:36:13-74
45            android:label="@string/app_name"
45-->src\main\AndroidManifest.xml:37:13-45
46            android:theme="@style/FullscreenTheme" />
46-->src\main\AndroidManifest.xml:38:13-51
47    </application>
48
49</manifest>